25/05/2007 15:13:25: starting UI
25/05/2007 15:13:28: UI successfully started
25/05/2007 15:13:49: Cannot change look and feel 
Related event: 
java.lang.ClassNotFoundException: de.muntjak.tinylookandfeel
	at java.net.URLClassLoader$1.run(URLClassLoader.java:200)
	at java.security.AccessController.doPrivileged(Native Method)
	at java.net.URLClassLoader.findClass(URLClassLoader.java:188)
	at java.lang.ClassLoader.loadClass(ClassLoader.java:306)
	at sun.misc.Launcher$AppClassLoader.loadClass(Launcher.java:268)
	at java.lang.ClassLoader.loadClass(ClassLoader.java:251)
	at java.lang.ClassLoader.loadClassInternal(ClassLoader.java:319)
	at java.lang.Class.forName0(Native Method)
	at java.lang.Class.forName(Class.java:242)
	at javax.swing.SwingUtilities.loadSystemClass(SwingUtilities.java:1783)
	at javax.swing.UIManager.setLookAndFeel(UIManager.java:480)
	at com.davidecavestro.timekeeper.gui.WindowManager$1.run(WindowManager.java:307)
	at java.awt.event.InvocationEvent.dispatch(InvocationEvent.java:209)
	at java.awt.EventQueue.dispatchEvent(EventQueue.java:461)
	at java.awt.EventDispatchThread.pumpOneEventForHierarchy(EventDispatchThread.java:242)
	at java.awt.EventDispatchThread.pumpEventsForHierarchy(EventDispatchThread.java:163)
	at java.awt.EventDispatchThread.pumpEventsForHierarchy(EventDispatchThread.java:153)
	at java.awt.Dialog$1.run(Dialog.java:515)
	at java.awt.Dialog.show(Dialog.java:536)
	at com.davidecavestro.timekeeper.gui.MainWindow.optionsMenuItemActionPerformed(MainWindow.java:1800)
	at com.davidecavestro.timekeeper.gui.MainWindow.access$4500(MainWindow.java:140)
	at com.davidecavestro.timekeeper.gui.MainWindow$50.actionPerformed(MainWindow.java:1653)
	at javax.swing.AbstractButton.fireActionPerformed(AbstractButton.java:1849)
	at javax.swing.AbstractButton$Handler.actionPerformed(AbstractButton.java:2169)
	at javax.swing.DefaultButtonModel.fireActionPerformed(DefaultButtonModel.java:420)
	at javax.swing.DefaultButtonModel.setPressed(DefaultButtonModel.java:258)
	at javax.swing.AbstractButton.doClick(AbstractButton.java:302)
	at javax.swing.plaf.basic.BasicMenuItemUI.doClick(BasicMenuItemUI.java:1000)
	at javax.swing.plaf.basic.BasicMenuItemUI$Handler.menuDragMouseReleased(BasicMenuItemUI.java:1104)
	at javax.swing.JMenuItem.fireMenuDragMouseReleased(JMenuItem.java:578)
	at javax.swing.JMenuItem.processMenuDragMouseEvent(JMenuItem.java:475)
	at javax.swing.JMenuItem.processMouseEvent(JMenuItem.java:422)
	at javax.swing.MenuSelectionManager.processMouseEvent(MenuSelectionManager.java:283)
	at javax.swing.plaf.basic.BasicPopupMenuUI$MouseGrabber.eventDispatched(BasicPopupMenuUI.java:779)
	at java.awt.Toolkit$SelectiveAWTEventListener.eventDispatched(Toolkit.java:2206)
	at java.awt.Toolkit$ToolkitEventMulticaster.eventDispatched(Toolkit.java:2100)
	at java.awt.Toolkit.notifyAWTEventListeners(Toolkit.java:2058)
	at java.awt.Component.dispatchEventImpl(Component.java:3867)
	at java.awt.Container.dispatchEventImpl(Container.java:2024)
	at java.awt.Component.dispatchEvent(Component.java:3803)
	at java.awt.LightweightDispatcher.retargetMouseEvent(Container.java:4212)
	at java.awt.LightweightDispatcher.processMouseEvent(Container.java:3892)
	at java.awt.LightweightDispatcher.dispatchEvent(Container.java:3822)
	at java.awt.Container.dispatchEventImpl(Container.java:2010)
	at java.awt.Window.dispatchEventImpl(Window.java:1774)
	at java.awt.Component.dispatchEvent(Component.java:3803)
	at java.awt.EventQueue.dispatchEvent(EventQueue.java:463)
	at java.awt.EventDispatchThread.pumpOneEventForHierarchy(EventDispatchThread.java:242)
	at java.awt.EventDispatchThread.pumpEventsForHierarchy(EventDispatchThread.java:163)
	at java.awt.EventDispatchThread.pumpEvents(EventDispatchThread.java:157)
	at java.awt.EventDispatchThread.pumpEvents(EventDispatchThread.java:149)
	at java.awt.EventDispatchThread.run(EventDispatchThread.java:110)


25/05/2007 15:13:49: Cannot change look and feel 
Related event: 
java.lang.ClassNotFoundException: de.muntjak.tinylookandfeel
	at java.net.URLClassLoader$1.run(URLClassLoader.java:200)
	at java.security.AccessController.doPrivileged(Native Method)
	at java.net.URLClassLoader.findClass(URLClassLoader.java:188)
	at java.lang.ClassLoader.loadClass(ClassLoader.java:306)
	at sun.misc.Launcher$AppClassLoader.loadClass(Launcher.java:268)
	at java.lang.ClassLoader.loadClass(ClassLoader.java:251)
	at java.lang.ClassLoader.loadClassInternal(ClassLoader.java:319)
	at java.lang.Class.forName0(Native Method)
	at java.lang.Class.forName(Class.java:242)
	at javax.swing.SwingUtilities.loadSystemClass(SwingUtilities.java:1783)
	at javax.swing.UIManager.setLookAndFeel(UIManager.java:480)
	at com.davidecavestro.timekeeper.gui.WindowManager$1.run(WindowManager.java:307)
	at java.awt.event.InvocationEvent.dispatch(InvocationEvent.java:209)
	at java.awt.EventQueue.dispatchEvent(EventQueue.java:461)
	at java.awt.EventDispatchThread.pumpOneEventForHierarchy(EventDispatchThread.java:242)
	at java.awt.EventDispatchThread.pumpEventsForHierarchy(EventDispatchThread.java:163)
	at java.awt.EventDispatchThread.pumpEventsForHierarchy(EventDispatchThread.java:153)
	at java.awt.Dialog$1.run(Dialog.java:515)
	at java.awt.Dialog.show(Dialog.java:536)
	at com.davidecavestro.timekeeper.gui.MainWindow.optionsMenuItemActionPerformed(MainWindow.java:1800)
	at com.davidecavestro.timekeeper.gui.MainWindow.access$4500(MainWindow.java:140)
	at com.davidecavestro.timekeeper.gui.MainWindow$50.actionPerformed(MainWindow.java:1653)
	at javax.swing.AbstractButton.fireActionPerformed(AbstractButton.java:1849)
	at javax.swing.AbstractButton$Handler.actionPerformed(AbstractButton.java:2169)
	at javax.swing.DefaultButtonModel.fireActionPerformed(DefaultButtonModel.java:420)
	at javax.swing.DefaultButtonModel.setPressed(DefaultButtonModel.java:258)
	at javax.swing.AbstractButton.doClick(AbstractButton.java:302)
	at javax.swing.plaf.basic.BasicMenuItemUI.doClick(BasicMenuItemUI.java:1000)
	at javax.swing.plaf.basic.BasicMenuItemUI$Handler.menuDragMouseReleased(BasicMenuItemUI.java:1104)
	at javax.swing.JMenuItem.fireMenuDragMouseReleased(JMenuItem.java:578)
	at javax.swing.JMenuItem.processMenuDragMouseEvent(JMenuItem.java:475)
	at javax.swing.JMenuItem.processMouseEvent(JMenuItem.java:422)
	at javax.swing.MenuSelectionManager.processMouseEvent(MenuSelectionManager.java:283)
	at javax.swing.plaf.basic.BasicPopupMenuUI$MouseGrabber.eventDispatched(BasicPopupMenuUI.java:779)
	at java.awt.Toolkit$SelectiveAWTEventListener.eventDispatched(Toolkit.java:2206)
	at java.awt.Toolkit$ToolkitEventMulticaster.eventDispatched(Toolkit.java:2100)
	at java.awt.Toolkit.notifyAWTEventListeners(Toolkit.java:2058)
	at java.awt.Component.dispatchEventImpl(Component.java:3867)
	at java.awt.Container.dispatchEventImpl(Container.java:2024)
	at java.awt.Component.dispatchEvent(Component.java:3803)
	at java.awt.LightweightDispatcher.retargetMouseEvent(Container.java:4212)
	at java.awt.LightweightDispatcher.processMouseEvent(Container.java:3892)
	at java.awt.LightweightDispatcher.dispatchEvent(Container.java:3822)
	at java.awt.Container.dispatchEventImpl(Container.java:2010)
	at java.awt.Window.dispatchEventImpl(Window.java:1774)
	at java.awt.Component.dispatchEvent(Component.java:3803)
	at java.awt.EventQueue.dispatchEvent(EventQueue.java:463)
	at java.awt.EventDispatchThread.pumpOneEventForHierarchy(EventDispatchThread.java:242)
	at java.awt.EventDispatchThread.pumpEventsForHierarchy(EventDispatchThread.java:163)
	at java.awt.EventDispatchThread.pumpEvents(EventDispatchThread.java:157)
	at java.awt.EventDispatchThread.pumpEvents(EventDispatchThread.java:149)
	at java.awt.EventDispatchThread.run(EventDispatchThread.java:110)


25/05/2007 15:15:02: Cannot change look and feel 
Related event: 
java.lang.ClassNotFoundException: de.muntjak.tinylookandfeel
	at java.net.URLClassLoader$1.run(URLClassLoader.java:200)
	at java.security.AccessController.doPrivileged(Native Method)
	at java.net.URLClassLoader.findClass(URLClassLoader.java:188)
	at java.lang.ClassLoader.loadClass(ClassLoader.java:306)
	at sun.misc.Launcher$AppClassLoader.loadClass(Launcher.java:268)
	at java.lang.ClassLoader.loadClass(ClassLoader.java:251)
	at java.lang.ClassLoader.loadClassInternal(ClassLoader.java:319)
	at java.lang.Class.forName0(Native Method)
	at java.lang.Class.forName(Class.java:242)
	at javax.swing.SwingUtilities.loadSystemClass(SwingUtilities.java:1783)
	at javax.swing.UIManager.setLookAndFeel(UIManager.java:480)
	at com.davidecavestro.timekeeper.gui.WindowManager$1.run(WindowManager.java:307)
	at java.awt.event.InvocationEvent.dispatch(InvocationEvent.java:209)
	at java.awt.EventQueue.dispatchEvent(EventQueue.java:461)
	at java.awt.EventDispatchThread.pumpOneEventForHierarchy(EventDispatchThread.java:242)
	at java.awt.EventDispatchThread.pumpEventsForHierarchy(EventDispatchThread.java:163)
	at java.awt.EventDispatchThread.pumpEventsForHierarchy(EventDispatchThread.java:153)
	at java.awt.Dialog$1.run(Dialog.java:515)
	at java.awt.Dialog.show(Dialog.java:536)
	at com.davidecavestro.timekeeper.gui.MainWindow.optionsMenuItemActionPerformed(MainWindow.java:1800)
	at com.davidecavestro.timekeeper.gui.MainWindow.access$4500(MainWindow.java:140)
	at com.davidecavestro.timekeeper.gui.MainWindow$50.actionPerformed(MainWindow.java:1653)
	at javax.swing.AbstractButton.fireActionPerformed(AbstractButton.java:1849)
	at javax.swing.AbstractButton$Handler.actionPerformed(AbstractButton.java:2169)
	at javax.swing.DefaultButtonModel.fireActionPerformed(DefaultButtonModel.java:420)
	at javax.swing.DefaultButtonModel.setPressed(DefaultButtonModel.java:258)
	at javax.swing.AbstractButton.doClick(AbstractButton.java:302)
	at javax.swing.plaf.basic.BasicMenuItemUI.doClick(BasicMenuItemUI.java:1000)
	at javax.swing.plaf.basic.BasicMenuItemUI$Handler.menuDragMouseReleased(BasicMenuItemUI.java:1104)
	at javax.swing.JMenuItem.fireMenuDragMouseReleased(JMenuItem.java:578)
	at javax.swing.JMenuItem.processMenuDragMouseEvent(JMenuItem.java:475)
	at javax.swing.JMenuItem.processMouseEvent(JMenuItem.java:422)
	at javax.swing.MenuSelectionManager.processMouseEvent(MenuSelectionManager.java:283)
	at javax.swing.plaf.basic.BasicPopupMenuUI$MouseGrabber.eventDispatched(BasicPopupMenuUI.java:779)
	at java.awt.Toolkit$SelectiveAWTEventListener.eventDispatched(Toolkit.java:2206)
	at java.awt.Toolkit$ToolkitEventMulticaster.eventDispatched(Toolkit.java:2100)
	at java.awt.Toolkit.notifyAWTEventListeners(Toolkit.java:2058)
	at java.awt.Component.dispatchEventImpl(Component.java:3867)
	at java.awt.Container.dispatchEventImpl(Container.java:2024)
	at java.awt.Component.dispatchEvent(Component.java:3803)
	at java.awt.LightweightDispatcher.retargetMouseEvent(Container.java:4212)
	at java.awt.LightweightDispatcher.processMouseEvent(Container.java:3892)
	at java.awt.LightweightDispatcher.dispatchEvent(Container.java:3822)
	at java.awt.Container.dispatchEventImpl(Container.java:2010)
	at java.awt.Window.dispatchEventImpl(Window.java:1774)
	at java.awt.Component.dispatchEvent(Component.java:3803)
	at java.awt.EventQueue.dispatchEvent(EventQueue.java:463)
	at java.awt.EventDispatchThread.pumpOneEventForHierarchy(EventDispatchThread.java:242)
	at java.awt.EventDispatchThread.pumpEventsForHierarchy(EventDispatchThread.java:163)
	at java.awt.EventDispatchThread.pumpEvents(EventDispatchThread.java:157)
	at java.awt.EventDispatchThread.pumpEvents(EventDispatchThread.java:149)
	at java.awt.EventDispatchThread.run(EventDispatchThread.java:110)


25/05/2007 15:15:02: Cannot change look and feel 
Related event: 
java.lang.ClassNotFoundException: de.muntjak.tinylookandfeel
	at java.net.URLClassLoader$1.run(URLClassLoader.java:200)
	at java.security.AccessController.doPrivileged(Native Method)
	at java.net.URLClassLoader.findClass(URLClassLoader.java:188)
	at java.lang.ClassLoader.loadClass(ClassLoader.java:306)
	at sun.misc.Launcher$AppClassLoader.loadClass(Launcher.java:268)
	at java.lang.ClassLoader.loadClass(ClassLoader.java:251)
	at java.lang.ClassLoader.loadClassInternal(ClassLoader.java:319)
	at java.lang.Class.forName0(Native Method)
	at java.lang.Class.forName(Class.java:242)
	at javax.swing.SwingUtilities.loadSystemClass(SwingUtilities.java:1783)
	at javax.swing.UIManager.setLookAndFeel(UIManager.java:480)
	at com.davidecavestro.timekeeper.gui.WindowManager$1.run(WindowManager.java:307)
	at java.awt.event.InvocationEvent.dispatch(InvocationEvent.java:209)
	at java.awt.EventQueue.dispatchEvent(EventQueue.java:461)
	at java.awt.EventDispatchThread.pumpOneEventForHierarchy(EventDispatchThread.java:242)
	at java.awt.EventDispatchThread.pumpEventsForHierarchy(EventDispatchThread.java:163)
	at java.awt.EventDispatchThread.pumpEventsForHierarchy(EventDispatchThread.java:153)
	at java.awt.Dialog$1.run(Dialog.java:515)
	at java.awt.Dialog.show(Dialog.java:536)
	at com.davidecavestro.timekeeper.gui.MainWindow.optionsMenuItemActionPerformed(MainWindow.java:1800)
	at com.davidecavestro.timekeeper.gui.MainWindow.access$4500(MainWindow.java:140)
	at com.davidecavestro.timekeeper.gui.MainWindow$50.actionPerformed(MainWindow.java:1653)
	at javax.swing.AbstractButton.fireActionPerformed(AbstractButton.java:1849)
	at javax.swing.AbstractButton$Handler.actionPerformed(AbstractButton.java:2169)
	at javax.swing.DefaultButtonModel.fireActionPerformed(DefaultButtonModel.java:420)
	at javax.swing.DefaultButtonModel.setPressed(DefaultButtonModel.java:258)
	at javax.swing.AbstractButton.doClick(AbstractButton.java:302)
	at javax.swing.plaf.basic.BasicMenuItemUI.doClick(BasicMenuItemUI.java:1000)
	at javax.swing.plaf.basic.BasicMenuItemUI$Handler.menuDragMouseReleased(BasicMenuItemUI.java:1104)
	at javax.swing.JMenuItem.fireMenuDragMouseReleased(JMenuItem.java:578)
	at javax.swing.JMenuItem.processMenuDragMouseEvent(JMenuItem.java:475)
	at javax.swing.JMenuItem.processMouseEvent(JMenuItem.java:422)
	at javax.swing.MenuSelectionManager.processMouseEvent(MenuSelectionManager.java:283)
	at javax.swing.plaf.basic.BasicPopupMenuUI$MouseGrabber.eventDispatched(BasicPopupMenuUI.java:779)
	at java.awt.Toolkit$SelectiveAWTEventListener.eventDispatched(Toolkit.java:2206)
	at java.awt.Toolkit$ToolkitEventMulticaster.eventDispatched(Toolkit.java:2100)
	at java.awt.Toolkit.notifyAWTEventListeners(Toolkit.java:2058)
	at java.awt.Component.dispatchEventImpl(Component.java:3867)
	at java.awt.Container.dispatchEventImpl(Container.java:2024)
	at java.awt.Component.dispatchEvent(Component.java:3803)
	at java.awt.LightweightDispatcher.retargetMouseEvent(Container.java:4212)
	at java.awt.LightweightDispatcher.processMouseEvent(Container.java:3892)
	at java.awt.LightweightDispatcher.dispatchEvent(Container.java:3822)
	at java.awt.Container.dispatchEventImpl(Container.java:2010)
	at java.awt.Window.dispatchEventImpl(Window.java:1774)
	at java.awt.Component.dispatchEvent(Component.java:3803)
	at java.awt.EventQueue.dispatchEvent(EventQueue.java:463)
	at java.awt.EventDispatchThread.pumpOneEventForHierarchy(EventDispatchThread.java:242)
	at java.awt.EventDispatchThread.pumpEventsForHierarchy(EventDispatchThread.java:163)
	at java.awt.EventDispatchThread.pumpEvents(EventDispatchThread.java:157)
	at java.awt.EventDispatchThread.pumpEvents(EventDispatchThread.java:149)
	at java.awt.EventDispatchThread.run(EventDispatchThread.java:110)


