25/05/2007 15:32:31: starting UI
25/05/2007 15:32:34: UI successfully started
25/05/2007 15:33:09: Cannot change look and feel 
Related event: 
javax.swing.UnsupportedLookAndFeelException: [The JGoodies Windows Look and Feel - © 2001-2006 JGoodies Karsten Lentzsch - com.jgoodies.looks.windows.WindowsLookAndFeel] not supported on this platform
	at javax.swing.UIManager.setLookAndFeel(UIManager.java:428)
	at javax.swing.UIManager.setLookAndFeel(UIManager.java:481)
	at com.davidecavestro.timekeeper.gui.WindowManager$1.run(WindowManager.java:307)
	at java.awt.event.InvocationEvent.dispatch(InvocationEvent.java:209)
	at java.awt.EventQueue.dispatchEvent(EventQueue.java:461)
	at java.awt.EventDispatchThread.pumpOneEventForHierarchy(EventDispatchThread.java:242)
	at java.awt.EventDispatchThread.pumpEventsForHierarchy(EventDispatchThread.java:163)
	at java.awt.EventDispatchThread.pumpEventsForHierarchy(EventDispatchThread.java:153)
	at java.awt.Dialog$1.run(Dialog.java:515)
	at java.awt.Dialog.show(Dialog.java:536)
	at com.davidecavestro.timekeeper.gui.MainWindow.optionsMenuItemActionPerformed(MainWindow.java:1800)
	at com.davidecavestro.timekeeper.gui.MainWindow.access$4500(MainWindow.java:140)
	at com.davidecavestro.timekeeper.gui.MainWindow$50.actionPerformed(MainWindow.java:1653)
	at javax.swing.AbstractButton.fireActionPerformed(AbstractButton.java:1849)
	at javax.swing.AbstractButton$Handler.actionPerformed(AbstractButton.java:2169)
	at javax.swing.DefaultButtonModel.fireActionPerformed(DefaultButtonModel.java:420)
	at javax.swing.DefaultButtonModel.setPressed(DefaultButtonModel.java:258)
	at javax.swing.AbstractButton.doClick(AbstractButton.java:302)
	at de.muntjak.tinylookandfeel.TinyMenuItemUI.doClick(TinyMenuItemUI.java:534)
	at de.muntjak.tinylookandfeel.TinyMenuItemUI$MouseInputHandler.mouseReleased(TinyMenuItemUI.java:421)
	at java.awt.Component.processMouseEvent(Component.java:5488)
	at javax.swing.JComponent.processMouseEvent(JComponent.java:3126)
	at java.awt.Component.processEvent(Component.java:5253)
	at java.awt.Container.processEvent(Container.java:1966)
	at java.awt.Component.dispatchEventImpl(Component.java:3955)
	at java.awt.Container.dispatchEventImpl(Container.java:2024)
	at java.awt.Component.dispatchEvent(Component.java:3803)
	at java.awt.LightweightDispatcher.retargetMouseEvent(Container.java:4212)
	at java.awt.LightweightDispatcher.processMouseEvent(Container.java:3892)
	at java.awt.LightweightDispatcher.dispatchEvent(Container.java:3822)
	at java.awt.Container.dispatchEventImpl(Container.java:2010)
	at java.awt.Window.dispatchEventImpl(Window.java:1774)
	at java.awt.Component.dispatchEvent(Component.java:3803)
	at java.awt.EventQueue.dispatchEvent(EventQueue.java:463)
	at java.awt.EventDispatchThread.pumpOneEventForHierarchy(EventDispatchThread.java:242)
	at java.awt.EventDispatchThread.pumpEventsForHierarchy(EventDispatchThread.java:163)
	at java.awt.EventDispatchThread.pumpEvents(EventDispatchThread.java:157)
	at java.awt.EventDispatchThread.pumpEvents(EventDispatchThread.java:149)
	at java.awt.EventDispatchThread.run(EventDispatchThread.java:110)


25/05/2007 15:33:09: Cannot change look and feel 
Related event: 
javax.swing.UnsupportedLookAndFeelException: [The JGoodies Windows Look and Feel - © 2001-2006 JGoodies Karsten Lentzsch - com.jgoodies.looks.windows.WindowsLookAndFeel] not supported on this platform
	at javax.swing.UIManager.setLookAndFeel(UIManager.java:428)
	at javax.swing.UIManager.setLookAndFeel(UIManager.java:481)
	at com.davidecavestro.timekeeper.gui.WindowManager$1.run(WindowManager.java:307)
	at java.awt.event.InvocationEvent.dispatch(InvocationEvent.java:209)
	at java.awt.EventQueue.dispatchEvent(EventQueue.java:461)
	at java.awt.EventDispatchThread.pumpOneEventForHierarchy(EventDispatchThread.java:242)
	at java.awt.EventDispatchThread.pumpEventsForHierarchy(EventDispatchThread.java:163)
	at java.awt.EventDispatchThread.pumpEventsForHierarchy(EventDispatchThread.java:153)
	at java.awt.Dialog$1.run(Dialog.java:515)
	at java.awt.Dialog.show(Dialog.java:536)
	at com.davidecavestro.timekeeper.gui.MainWindow.optionsMenuItemActionPerformed(MainWindow.java:1800)
	at com.davidecavestro.timekeeper.gui.MainWindow.access$4500(MainWindow.java:140)
	at com.davidecavestro.timekeeper.gui.MainWindow$50.actionPerformed(MainWindow.java:1653)
	at javax.swing.AbstractButton.fireActionPerformed(AbstractButton.java:1849)
	at javax.swing.AbstractButton$Handler.actionPerformed(AbstractButton.java:2169)
	at javax.swing.DefaultButtonModel.fireActionPerformed(DefaultButtonModel.java:420)
	at javax.swing.DefaultButtonModel.setPressed(DefaultButtonModel.java:258)
	at javax.swing.AbstractButton.doClick(AbstractButton.java:302)
	at de.muntjak.tinylookandfeel.TinyMenuItemUI.doClick(TinyMenuItemUI.java:534)
	at de.muntjak.tinylookandfeel.TinyMenuItemUI$MouseInputHandler.mouseReleased(TinyMenuItemUI.java:421)
	at java.awt.Component.processMouseEvent(Component.java:5488)
	at javax.swing.JComponent.processMouseEvent(JComponent.java:3126)
	at java.awt.Component.processEvent(Component.java:5253)
	at java.awt.Container.processEvent(Container.java:1966)
	at java.awt.Component.dispatchEventImpl(Component.java:3955)
	at java.awt.Container.dispatchEventImpl(Container.java:2024)
	at java.awt.Component.dispatchEvent(Component.java:3803)
	at java.awt.LightweightDispatcher.retargetMouseEvent(Container.java:4212)
	at java.awt.LightweightDispatcher.processMouseEvent(Container.java:3892)
	at java.awt.LightweightDispatcher.dispatchEvent(Container.java:3822)
	at java.awt.Container.dispatchEventImpl(Container.java:2010)
	at java.awt.Window.dispatchEventImpl(Window.java:1774)
	at java.awt.Component.dispatchEvent(Component.java:3803)
	at java.awt.EventQueue.dispatchEvent(EventQueue.java:463)
	at java.awt.EventDispatchThread.pumpOneEventForHierarchy(EventDispatchThread.java:242)
	at java.awt.EventDispatchThread.pumpEventsForHierarchy(EventDispatchThread.java:163)
	at java.awt.EventDispatchThread.pumpEvents(EventDispatchThread.java:157)
	at java.awt.EventDispatchThread.pumpEvents(EventDispatchThread.java:149)
	at java.awt.EventDispatchThread.run(EventDispatchThread.java:110)


25/05/2007 15:33:15: Cannot change look and feel 
Related event: 
javax.swing.UnsupportedLookAndFeelException: [The JGoodies Windows Look and Feel - © 2001-2006 JGoodies Karsten Lentzsch - com.jgoodies.looks.windows.WindowsLookAndFeel] not supported on this platform
	at javax.swing.UIManager.setLookAndFeel(UIManager.java:428)
	at javax.swing.UIManager.setLookAndFeel(UIManager.java:481)
	at com.davidecavestro.timekeeper.gui.WindowManager$1.run(WindowManager.java:307)
	at java.awt.event.InvocationEvent.dispatch(InvocationEvent.java:209)
	at java.awt.EventQueue.dispatchEvent(EventQueue.java:461)
	at java.awt.EventDispatchThread.pumpOneEventForHierarchy(EventDispatchThread.java:242)
	at java.awt.EventDispatchThread.pumpEventsForHierarchy(EventDispatchThread.java:163)
	at java.awt.EventDispatchThread.pumpEventsForHierarchy(EventDispatchThread.java:153)
	at java.awt.Dialog$1.run(Dialog.java:515)
	at java.awt.Dialog.show(Dialog.java:536)
	at com.davidecavestro.timekeeper.gui.MainWindow.optionsMenuItemActionPerformed(MainWindow.java:1800)
	at com.davidecavestro.timekeeper.gui.MainWindow.access$4500(MainWindow.java:140)
	at com.davidecavestro.timekeeper.gui.MainWindow$50.actionPerformed(MainWindow.java:1653)
	at javax.swing.AbstractButton.fireActionPerformed(AbstractButton.java:1849)
	at javax.swing.AbstractButton$Handler.actionPerformed(AbstractButton.java:2169)
	at javax.swing.DefaultButtonModel.fireActionPerformed(DefaultButtonModel.java:420)
	at javax.swing.DefaultButtonModel.setPressed(DefaultButtonModel.java:258)
	at javax.swing.AbstractButton.doClick(AbstractButton.java:302)
	at de.muntjak.tinylookandfeel.TinyMenuItemUI.doClick(TinyMenuItemUI.java:534)
	at de.muntjak.tinylookandfeel.TinyMenuItemUI$MouseInputHandler.mouseReleased(TinyMenuItemUI.java:421)
	at java.awt.Component.processMouseEvent(Component.java:5488)
	at javax.swing.JComponent.processMouseEvent(JComponent.java:3126)
	at java.awt.Component.processEvent(Component.java:5253)
	at java.awt.Container.processEvent(Container.java:1966)
	at java.awt.Component.dispatchEventImpl(Component.java:3955)
	at java.awt.Container.dispatchEventImpl(Container.java:2024)
	at java.awt.Component.dispatchEvent(Component.java:3803)
	at java.awt.LightweightDispatcher.retargetMouseEvent(Container.java:4212)
	at java.awt.LightweightDispatcher.processMouseEvent(Container.java:3892)
	at java.awt.LightweightDispatcher.dispatchEvent(Container.java:3822)
	at java.awt.Container.dispatchEventImpl(Container.java:2010)
	at java.awt.Window.dispatchEventImpl(Window.java:1774)
	at java.awt.Component.dispatchEvent(Component.java:3803)
	at java.awt.EventQueue.dispatchEvent(EventQueue.java:463)
	at java.awt.EventDispatchThread.pumpOneEventForHierarchy(EventDispatchThread.java:242)
	at java.awt.EventDispatchThread.pumpEventsForHierarchy(EventDispatchThread.java:163)
	at java.awt.EventDispatchThread.pumpEvents(EventDispatchThread.java:157)
	at java.awt.EventDispatchThread.pumpEvents(EventDispatchThread.java:149)
	at java.awt.EventDispatchThread.run(EventDispatchThread.java:110)


25/05/2007 15:33:15: Cannot change look and feel 
Related event: 
javax.swing.UnsupportedLookAndFeelException: [The JGoodies Windows Look and Feel - © 2001-2006 JGoodies Karsten Lentzsch - com.jgoodies.looks.windows.WindowsLookAndFeel] not supported on this platform
	at javax.swing.UIManager.setLookAndFeel(UIManager.java:428)
	at javax.swing.UIManager.setLookAndFeel(UIManager.java:481)
	at com.davidecavestro.timekeeper.gui.WindowManager$1.run(WindowManager.java:307)
	at java.awt.event.InvocationEvent.dispatch(InvocationEvent.java:209)
	at java.awt.EventQueue.dispatchEvent(EventQueue.java:461)
	at java.awt.EventDispatchThread.pumpOneEventForHierarchy(EventDispatchThread.java:242)
	at java.awt.EventDispatchThread.pumpEventsForHierarchy(EventDispatchThread.java:163)
	at java.awt.EventDispatchThread.pumpEventsForHierarchy(EventDispatchThread.java:153)
	at java.awt.Dialog$1.run(Dialog.java:515)
	at java.awt.Dialog.show(Dialog.java:536)
	at com.davidecavestro.timekeeper.gui.MainWindow.optionsMenuItemActionPerformed(MainWindow.java:1800)
	at com.davidecavestro.timekeeper.gui.MainWindow.access$4500(MainWindow.java:140)
	at com.davidecavestro.timekeeper.gui.MainWindow$50.actionPerformed(MainWindow.java:1653)
	at javax.swing.AbstractButton.fireActionPerformed(AbstractButton.java:1849)
	at javax.swing.AbstractButton$Handler.actionPerformed(AbstractButton.java:2169)
	at javax.swing.DefaultButtonModel.fireActionPerformed(DefaultButtonModel.java:420)
	at javax.swing.DefaultButtonModel.setPressed(DefaultButtonModel.java:258)
	at javax.swing.AbstractButton.doClick(AbstractButton.java:302)
	at de.muntjak.tinylookandfeel.TinyMenuItemUI.doClick(TinyMenuItemUI.java:534)
	at de.muntjak.tinylookandfeel.TinyMenuItemUI$MouseInputHandler.mouseReleased(TinyMenuItemUI.java:421)
	at java.awt.Component.processMouseEvent(Component.java:5488)
	at javax.swing.JComponent.processMouseEvent(JComponent.java:3126)
	at java.awt.Component.processEvent(Component.java:5253)
	at java.awt.Container.processEvent(Container.java:1966)
	at java.awt.Component.dispatchEventImpl(Component.java:3955)
	at java.awt.Container.dispatchEventImpl(Container.java:2024)
	at java.awt.Component.dispatchEvent(Component.java:3803)
	at java.awt.LightweightDispatcher.retargetMouseEvent(Container.java:4212)
	at java.awt.LightweightDispatcher.processMouseEvent(Container.java:3892)
	at java.awt.LightweightDispatcher.dispatchEvent(Container.java:3822)
	at java.awt.Container.dispatchEventImpl(Container.java:2010)
	at java.awt.Window.dispatchEventImpl(Window.java:1774)
	at java.awt.Component.dispatchEvent(Component.java:3803)
	at java.awt.EventQueue.dispatchEvent(EventQueue.java:463)
	at java.awt.EventDispatchThread.pumpOneEventForHierarchy(EventDispatchThread.java:242)
	at java.awt.EventDispatchThread.pumpEventsForHierarchy(EventDispatchThread.java:163)
	at java.awt.EventDispatchThread.pumpEvents(EventDispatchThread.java:157)
	at java.awt.EventDispatchThread.pumpEvents(EventDispatchThread.java:149)
	at java.awt.EventDispatchThread.run(EventDispatchThread.java:110)


