02/16/07 04:36:24 PM - Building message catalogs...
02/16/07 04:36:24 PM - Building Linux x86 install...  
02/16/07 04:36:24 PM - Building main.tcl...
02/16/07 04:36:24 PM - Getting file list...
02/16/07 04:36:24 PM - Saving install information...
02/16/07 04:36:25 PM - Building install...
02/16/07 04:36:25 PM - Wrapping install files...
02/16/07 04:36:27 PM - Linux x86 build completed in 00m03s.
02/16/07 04:36:27 PM - Installer size is 11.26 MB.
02/16/07 04:36:27 PM - Building Windows install...  
02/16/07 04:36:27 PM - Building main.tcl...
02/16/07 04:36:27 PM - Getting file list...
02/16/07 04:36:27 PM - Saving install information...
02/16/07 04:36:28 PM - Building install...
02/16/07 04:36:29 PM - Wrapping install files...
02/16/07 04:36:31 PM - Windows build completed in 00m04s.
02/16/07 04:36:31 PM - Installer size is 11.11 MB.
02/16/07 04:36:31 PM - Building tar archive...
02/16/07 04:36:31 PM - Gzipping tar archive...
02/16/07 04:36:33 PM - Tar Archive build completed in 00m02s.
02/16/07 04:36:33 PM - Installer size is 10.07 MB.
02/16/07 04:36:33 PM - Build completed in 00m09s.
02/16/07 05:27:33 PM - Building message catalogs...
02/16/07 05:27:33 PM - Building Linux x86 install...  
02/16/07 05:27:33 PM - Building main.tcl...
02/16/07 05:27:33 PM - Getting file list...
02/16/07 05:27:33 PM - Saving install information...
02/16/07 05:27:35 PM - Building install...
02/16/07 05:27:35 PM - Wrapping install files...
02/16/07 05:27:40 PM - Linux x86 build completed in 00m07s.
02/16/07 05:27:40 PM - Installer size is 11.26 MB.
02/16/07 05:27:40 PM - Building Windows install...  
02/16/07 05:27:40 PM - Building main.tcl...
02/16/07 05:27:40 PM - Getting file list...
02/16/07 05:27:41 PM - Saving install information...
02/16/07 05:27:43 PM - Building install...
02/16/07 05:27:43 PM - Wrapping install files...
02/16/07 05:27:49 PM - Windows build completed in 00m09s.
02/16/07 05:27:49 PM - Installer size is 11.11 MB.
02/16/07 05:27:49 PM - Building tar archive...
02/16/07 05:27:49 PM - Gzipping tar archive...
02/16/07 05:27:53 PM - Tar Archive build completed in 00m04s.
02/16/07 05:27:53 PM - Installer size is 10.07 MB.
02/16/07 05:27:53 PM - Build completed in 00m20s.
02/16/07 05:33:46 PM - Building message catalogs...
02/16/07 05:33:46 PM - Building Linux x86 install...  
02/16/07 05:33:46 PM - Building main.tcl...
02/16/07 05:33:46 PM - Getting file list...
02/16/07 05:33:46 PM - Saving install information...
02/16/07 05:33:47 PM - Building install...
02/16/07 05:33:47 PM - Wrapping install files...
02/16/07 05:33:50 PM - Linux x86 build completed in 00m04s.
02/16/07 05:33:50 PM - Installer size is 11.25 MB.
02/16/07 05:33:50 PM - Building Windows install...  
02/16/07 05:33:50 PM - Building main.tcl...
02/16/07 05:33:50 PM - Getting file list...
02/16/07 05:33:50 PM - Saving install information...
02/16/07 05:33:51 PM - Building install...
02/16/07 05:33:51 PM - Wrapping install files...
02/16/07 05:33:54 PM - Windows build completed in 00m04s.
02/16/07 05:33:54 PM - Installer size is 11.10 MB.
02/16/07 05:33:54 PM - Building tar archive...
02/16/07 05:33:54 PM - Gzipping tar archive...
02/16/07 05:33:56 PM - Tar Archive build completed in 00m02s.
02/16/07 05:33:56 PM - Installer size is 10.06 MB.
02/16/07 05:33:56 PM - Build completed in 00m10s.
02/16/07 05:35:12 PM - Building message catalogs...
02/16/07 05:35:12 PM - Building Linux x86 install...  
02/16/07 05:35:12 PM - Building main.tcl...
02/16/07 05:35:12 PM - Getting file list...
02/16/07 05:35:13 PM - Saving install information...
02/16/07 05:35:14 PM - Building install...
02/16/07 05:35:14 PM - Wrapping install files...
02/16/07 05:35:16 PM - Linux x86 build completed in 00m04s.
02/16/07 05:35:16 PM - Installer size is 11.25 MB.
02/16/07 05:35:16 PM - Building Windows install...  
02/16/07 05:35:16 PM - Building main.tcl...
02/16/07 05:35:16 PM - Getting file list...
02/16/07 05:35:17 PM - Saving install information...
02/16/07 05:35:18 PM - Building install...
02/16/07 05:35:18 PM - Wrapping install files...
02/16/07 05:35:20 PM - Windows build completed in 00m04s.
02/16/07 05:35:20 PM - Installer size is 11.10 MB.
02/16/07 05:35:20 PM - Building tar archive...
02/16/07 05:35:21 PM - Gzipping tar archive...
02/16/07 05:35:23 PM - Tar Archive build completed in 00m03s.
02/16/07 05:35:23 PM - Installer size is 10.06 MB.
02/16/07 05:35:23 PM - Build completed in 00m11s.
02/16/07 05:35:59 PM - Building message catalogs...
02/16/07 05:35:59 PM - Building Linux x86 install...  
02/16/07 05:35:59 PM - Building main.tcl...
02/16/07 05:35:59 PM - Getting file list...
02/16/07 05:35:59 PM - Saving install information...
02/16/07 05:36:00 PM - Building install...
02/16/07 05:36:00 PM - Wrapping install files...
02/16/07 05:36:03 PM - Linux x86 build completed in 00m04s.
02/16/07 05:36:03 PM - Installer size is 11.25 MB.
02/16/07 05:36:03 PM - Building Windows install...  
02/16/07 05:36:03 PM - Building main.tcl...
02/16/07 05:36:03 PM - Getting file list...
02/16/07 05:36:03 PM - Saving install information...
02/16/07 05:36:04 PM - Building install...
02/16/07 05:36:04 PM - Wrapping install files...
02/16/07 05:36:07 PM - Windows build completed in 00m04s.
02/16/07 05:36:07 PM - Installer size is 11.10 MB.
02/16/07 05:36:07 PM - Building tar archive...
02/16/07 05:36:07 PM - Gzipping tar archive...
02/16/07 05:36:09 PM - Tar Archive build completed in 00m02s.
02/16/07 05:36:09 PM - Installer size is 10.06 MB.
02/16/07 05:36:09 PM - Build completed in 00m10s.
02/16/07 05:39:45 PM - Building message catalogs...
02/16/07 05:39:45 PM - Building Linux x86 install...  
02/16/07 05:39:45 PM - Building main.tcl...
02/16/07 05:39:45 PM - Getting file list...
02/16/07 05:39:45 PM - Saving install information...
02/16/07 05:39:46 PM - Building install...
02/16/07 05:39:46 PM - Wrapping install files...
02/16/07 05:39:49 PM - Linux x86 build completed in 00m04s.
02/16/07 05:39:49 PM - Installer size is 11.25 MB.
02/16/07 05:39:49 PM - Building Windows install...  
02/16/07 05:39:49 PM - Building main.tcl...
02/16/07 05:39:49 PM - Getting file list...
02/16/07 05:39:49 PM - Saving install information...
02/16/07 05:39:50 PM - Building install...
02/16/07 05:39:50 PM - Wrapping install files...
02/16/07 05:39:54 PM - Windows build completed in 00m05s.
02/16/07 05:39:54 PM - Installer size is 11.10 MB.
02/16/07 05:39:54 PM - Building tar archive...
02/16/07 05:39:54 PM - Gzipping tar archive...
02/16/07 05:39:57 PM - Tar Archive build completed in 00m03s.
02/16/07 05:39:57 PM - Installer size is 10.06 MB.
02/16/07 05:39:57 PM - Build completed in 00m12s.
02/16/07 05:58:16 PM - Building message catalogs...
02/16/07 05:58:16 PM - Building Linux x86 install...  
02/16/07 05:58:16 PM - Building main.tcl...
02/16/07 05:58:16 PM - Getting file list...
02/16/07 05:58:16 PM - Saving install information...
02/16/07 05:58:18 PM - Building install...
02/16/07 05:58:18 PM - Wrapping install files...
02/16/07 05:58:30 PM - Linux x86 build completed in 00m14s.
02/16/07 05:58:30 PM - Installer size is 11.25 MB.
02/16/07 05:58:30 PM - Building Windows install...  
02/16/07 05:58:30 PM - Building main.tcl...
02/16/07 05:58:30 PM - Getting file list...
02/16/07 05:58:30 PM - Saving install information...
02/16/07 05:58:31 PM - Building install...
02/16/07 05:58:34 PM - Wrapping install files...
02/16/07 05:58:53 PM - Windows build completed in 00m23s.
02/16/07 05:58:53 PM - Installer size is 11.10 MB.
02/16/07 05:58:53 PM - Building tar archive...
02/16/07 05:58:53 PM - Gzipping tar archive...
02/16/07 05:59:06 PM - Tar Archive build completed in 00m13s.
02/16/07 05:59:06 PM - Installer size is 10.06 MB.
02/16/07 05:59:06 PM - Build completed in 00m50s.
02/16/07 06:03:25 PM - Building message catalogs...
02/16/07 06:03:25 PM - Building Linux x86 install...  
02/16/07 06:03:25 PM - Building main.tcl...
02/16/07 06:03:25 PM - Getting file list...
02/16/07 06:03:26 PM - Saving install information...
02/16/07 06:03:27 PM - Building install...
02/16/07 06:03:28 PM - Wrapping install files...
02/16/07 06:03:48 PM - Linux x86 build completed in 00m23s.
02/16/07 06:03:48 PM - Installer size is 11.25 MB.
02/16/07 06:03:48 PM - Building Windows install...  
02/16/07 06:03:48 PM - Building main.tcl...
02/16/07 06:03:48 PM - Getting file list...
02/16/07 06:03:48 PM - Saving install information...
02/16/07 06:03:51 PM - Building install...
02/16/07 06:03:51 PM - Wrapping install files...
02/16/07 06:04:25 PM - Windows build completed in 00m37s.
02/16/07 06:04:25 PM - Installer size is 11.10 MB.
02/16/07 06:04:25 PM - Building tar archive...
02/16/07 06:04:26 PM - Gzipping tar archive...
02/16/07 06:04:39 PM - Tar Archive build completed in 00m14s.
02/16/07 06:04:39 PM - Installer size is 10.06 MB.
02/16/07 06:04:39 PM - Build completed in 01m14s.
02/16/07 06:04:45 PM - Building message catalogs...
02/16/07 06:04:45 PM - Building Linux x86 install...  
02/16/07 06:04:45 PM - Building main.tcl...
02/16/07 06:04:45 PM - Getting file list...
02/16/07 06:04:45 PM - Saving install information...
02/16/07 06:04:51 PM - Building install...
02/16/07 06:04:51 PM - Wrapping install files...
02/16/07 06:05:13 PM - Linux x86 build completed in 00m28s.
02/16/07 06:05:13 PM - Installer size is 11.25 MB.
02/16/07 06:05:13 PM - Building Windows install...  
02/16/07 06:05:13 PM - Building main.tcl...
02/16/07 06:05:13 PM - Getting file list...
02/16/07 06:05:13 PM - Saving install information...
02/16/07 06:05:14 PM - Building install...
02/16/07 06:05:15 PM - Wrapping install files...
02/16/07 06:05:30 PM - Windows build completed in 00m17s.
02/16/07 06:05:30 PM - Installer size is 11.10 MB.
02/16/07 06:05:30 PM - Building tar archive...
02/16/07 06:05:30 PM - Gzipping tar archive...
02/16/07 06:06:12 PM - Tar Archive build completed in 00m42s.
02/16/07 06:06:12 PM - Installer size is 10.06 MB.
02/16/07 06:06:12 PM - Build completed in 01m27s.
02/16/07 06:07:10 PM - Building message catalogs...
02/16/07 06:07:10 PM - Building Linux x86 install...  
02/16/07 06:07:10 PM - Building main.tcl...
02/16/07 06:07:10 PM - Getting file list...
02/16/07 06:07:10 PM - Saving install information...
02/16/07 06:07:11 PM - Building install...
02/16/07 06:07:14 PM - Wrapping install files...
02/16/07 06:07:23 PM - Linux x86 build completed in 00m13s.
02/16/07 06:07:23 PM - Installer size is 11.25 MB.
02/16/07 06:07:23 PM - Building Windows install...  
02/16/07 06:07:23 PM - Building main.tcl...
02/16/07 06:07:23 PM - Getting file list...
02/16/07 06:07:23 PM - Saving install information...
02/16/07 06:07:24 PM - Building install...
02/16/07 06:07:25 PM - Wrapping install files...
02/16/07 06:07:40 PM - Windows build completed in 00m17s.
02/16/07 06:07:40 PM - Installer size is 11.10 MB.
02/16/07 06:07:40 PM - Building tar archive...
02/16/07 06:07:40 PM - Gzipping tar archive...
02/16/07 06:08:12 PM - Tar Archive build completed in 00m32s.
02/16/07 06:08:12 PM - Installer size is 10.06 MB.
02/16/07 06:08:12 PM - Build completed in 01m02s.
